  MiniginPCH.cpp
  AStarPathfinder.cpp
  BinaryReader.cpp
  ButtonComponent.cpp
  ButtonManager.cpp
  CollisionComponent.cpp
  Component.cpp
  Font.cpp
  FPSComponent.cpp
  GameObject.cpp
  InputManager.cpp
  Locator.cpp
  Logger.cpp
  MapComponent.cpp
  Renderer.cpp
  ResourceManager.cpp
  FallingComponent.cpp
  Scene.cpp
  SceneManager.cpp
  SoundEffect.cpp
  SpriteComponent.cpp
  Compiling...
  StateMachine.cpp
  TextComponent.cpp
  Texture2D.cpp
  TextureComponent.cpp
  TransformComponent.cpp
  Minigin.vcxproj -> C:\Users\wanne\Desktop\DAE lessons\Year 2\Semester 2\Programming 4\Engines\Engine\Exam_Assignment\Win32\Release\Minigin.lib
  C:\Users\wanne\Desktop\DAE lessons\Year 2\Semester 2\Programming 4\Engines\Engine\Exam_Assignment\3rdParty\SDL2\lib\x86\SDL2.dll
  1 File(s) copied
  C:\Users\wanne\Desktop\DAE lessons\Year 2\Semester 2\Programming 4\Engines\Engine\Exam_Assignment\3rdParty\SDL2_image\lib\x86\libjpeg-9.dll
  C:\Users\wanne\Desktop\DAE lessons\Year 2\Semester 2\Programming 4\Engines\Engine\Exam_Assignment\3rdParty\SDL2_image\lib\x86\libpng16-16.dll
  C:\Users\wanne\Desktop\DAE lessons\Year 2\Semester 2\Programming 4\Engines\Engine\Exam_Assignment\3rdParty\SDL2_image\lib\x86\libtiff-5.dll
  C:\Users\wanne\Desktop\DAE lessons\Year 2\Semester 2\Programming 4\Engines\Engine\Exam_Assignment\3rdParty\SDL2_image\lib\x86\libwebp-7.dll
  C:\Users\wanne\Desktop\DAE lessons\Year 2\Semester 2\Programming 4\Engines\Engine\Exam_Assignment\3rdParty\SDL2_image\lib\x86\SDL2_image.dll
  C:\Users\wanne\Desktop\DAE lessons\Year 2\Semester 2\Programming 4\Engines\Engine\Exam_Assignment\3rdParty\SDL2_image\lib\x86\zlib1.dll
  6 File(s) copied
  C:\Users\wanne\Desktop\DAE lessons\Year 2\Semester 2\Programming 4\Engines\Engine\Exam_Assignment\3rdParty\SDL2_ttf\lib\x86\libfreetype-6.dll
  C:\Users\wanne\Desktop\DAE lessons\Year 2\Semester 2\Programming 4\Engines\Engine\Exam_Assignment\3rdParty\SDL2_ttf\lib\x86\SDL2_ttf.dll
  2 File(s) copied
